[xorm] [info]  2025/08/13 17:55:17.985810 PING DATABASE mysql
[xorm] [info]  2025/08/13 17:55:18.011241 PING DATABASE mysql
[xorm] [info]  2025/08/13 18:11:34.660527 PING DATABASE mysql
[xorm] [info]  2025/08/13 18:11:37.735548 PING DATABASE mysql
[xorm] [info]  2025/08/13 18:11:37.792384 [SQL] INSERT INTO `xorm_user` (`uid`,`degree`,`keywords`,`create_time`,`update_time`,`delete_time`,`gender`,`city`,`version`) VALUES (?,?,?,?,?,?,?,?,?) [11685 本科 ["编程","golang"] 2025-08-13 18:11:37 2025-08-13 18:11:37 <nil> 男 上海 1] - 5.6072ms
[xorm] [info]  2025/08/13 18:11:37.794573 [SQL] INSERT INTO `xorm_user` (`uid`,`degree`,`keywords`,`create_time`,`update_time`,`gender`,`city`,`version`) VALUES (?, ?, ?, ?, ?, ?, ?, ?),(?, ?, ?, ?, ?, ?, ?, ?) [7089 本科 ["编程","golang"] 2025-08-13 18:11:37 2025-08-13 18:11:37 男 上海 1 78003 本科 ["编程","golang"] 2025-08-13 18:11:37 2025-08-13 18:11:37 男 上海 1] - 2.1206ms
[xorm] [info]  2025/08/13 20:04:48.838659 PING DATABASE mysql
[xorm] [info]  2025/08/13 20:04:51.332631 PING DATABASE mysql
[xorm] [info]  2025/08/13 20:04:51.356800 [SQL] UPDATE `xorm_user` SET `delete_time` = ? WHERE (`delete_time`=? OR `delete_time` IS NULL) AND `id`=? [2025-08-13 20:04:51 0001-01-01 00:00:00 10] - 4.6485ms
[xorm] [info]  2025/08/13 20:04:51.364299 [SQL] UPDATE `xorm_user` SET `delete_time` = ? WHERE (degree=?) AND (`delete_time`=? OR `delete_time` IS NULL) [2025-08-13 20:04:51 本科 0001-01-01 00:00:00] - 7.4993ms
[xorm] [info]  2025/08/13 20:05:21.508386 PING DATABASE mysql
[xorm] [info]  2025/08/13 20:05:21.534972 [SQL] INSERT INTO `xorm_user` (`uid`,`degree`,`keywords`,`create_time`,`update_time`,`delete_time`,`gender`,`city`,`version`) VALUES (?,?,?,?,?,?,?,?,?) [51343 本科 ["编程","golang"] 2025-08-13 20:05:21 2025-08-13 20:05:21 <nil> 男 上海 1] - 4ms
[xorm] [info]  2025/08/13 20:05:21.537971 [SQL] INSERT INTO `xorm_user` (`uid`,`degree`,`keywords`,`create_time`,`update_time`,`gender`,`city`,`version`) VALUES (?, ?, ?, ?, ?, ?, ?, ?),(?, ?, ?, ?, ?, ?, ?, ?) [84089 本科 ["编程","golang"] 2025-08-13 20:05:21 2025-08-13 20:05:21 男 上海 1 82159 本科 ["编程","golang"] 2025-08-13 20:05:21 2025-08-13 20:05:21 男 上海 1] - 2.999ms
[xorm] [info]  2025/08/13 20:07:27.440093 PING DATABASE mysql
[xorm] [info]  2025/08/13 20:07:27.472971 [SQL] UPDATE `xorm_user` SET `degree` = ?, `gender` = ?, `keywords` = ?, `update_time` = ? WHERE (city=?) AND (`delete_time`=? OR `delete_time` IS NULL) [硕士 男  2025-08-13 20:07:27 上海 0001-01-01 00:00:00] - 7.1251ms
[xorm] [info]  2025/08/13 20:07:27.474102 [SQL] UPDATE `xorm_user` SET `degree` = ?, `keywords` = ?, `gender` = ?, `update_time` = ?, `version` = `version` + 1 WHERE (city=?) AND (`delete_time`=? OR `delete_time` IS NULL) AND `version`=? [本科 null 男 2025-08-13 20:07:27 上海 0001-01-01 00:00:00 0] - 1.1311ms
[xorm] [info]  2025/08/13 20:09:42.712766 PING DATABASE mysql
[xorm] [info]  2025/08/13 20:09:46.996077 PING DATABASE mysql
[xorm] [info]  2025/08/13 20:09:47.017582 [SQL] SELECT `id`, `uid`, `degree`, `keywords`, `create_time`, `update_time`, `delete_time`, `gender`, `city`, `version` FROM `xorm_user` WHERE (`delete_time`=? OR `delete_time` IS NULL) AND `id`=? LIMIT 1 [0001-01-01 00:00:00 6] - 1.4564ms
[xorm] [info]  2025/08/13 20:09:47.017743 [SQL] SELECT `id`, `uid`, `degree`, `keywords`, `create_time`, `update_time`, `delete_time`, `gender`, `city`, `version` FROM `xorm_user` WHERE (`delete_time`=? OR `delete_time` IS NULL) AND `id`=? LIMIT 1 [0001-01-01 00:00:00 6] - 1.6178ms
[xorm] [info]  2025/08/13 20:09:47.019826 [SQL] SELECT `id`, `uid`, `degree`, `keywords`, `create_time`, `update_time`, `delete_time`, `gender`, `city`, `version` FROM `xorm_user` WHERE (`delete_time`=? OR `delete_time` IS NULL) AND `id`=? LIMIT 1 [0001-01-01 00:00:00 6] - 3.7006ms
[xorm] [info]  2025/08/13 20:09:47.028744 [SQL] SELECT `id`, `uid`, `degree`, `keywords`, `create_time`, `update_time`, `delete_time`, `gender`, `city`, `version` FROM `xorm_user` WHERE (`delete_time`=? OR `delete_time` IS NULL) AND `id`=? LIMIT 1 [0001-01-01 00:00:00 6] - 12.6188ms
[xorm] [info]  2025/08/13 20:09:47.028744 [SQL] SELECT `id`, `uid`, `degree`, `keywords`, `create_time`, `update_time`, `delete_time`, `gender`, `city`, `version` FROM `xorm_user` WHERE (`delete_time`=? OR `delete_time` IS NULL) AND `id`=? LIMIT 1 [0001-01-01 00:00:00 6] - 12.6188ms
[xorm] [info]  2025/08/13 20:09:47.028744 [SQL] SELECT `id`, `uid`, `degree`, `keywords`, `create_time`, `update_time`, `delete_time`, `gender`, `city`, `version` FROM `xorm_user` WHERE (`delete_time`=? OR `delete_time` IS NULL) AND `id`=? LIMIT 1 [0001-01-01 00:00:00 6] - 12.6188ms
[xorm] [info]  2025/08/13 20:09:47.028744 [SQL] SELECT `id`, `uid`, `degree`, `keywords`, `create_time`, `update_time`, `delete_time`, `gender`, `city`, `version` FROM `xorm_user` WHERE (`delete_time`=? OR `delete_time` IS NULL) AND `id`=? LIMIT 1 [0001-01-01 00:00:00 6] - 12.6188ms
[xorm] [info]  2025/08/13 20:09:47.028744 [SQL] SELECT `id`, `uid`, `degree`, `keywords`, `create_time`, `update_time`, `delete_time`, `gender`, `city`, `version` FROM `xorm_user` WHERE (`delete_time`=? OR `delete_time` IS NULL) AND `id`=? LIMIT 1 [0001-01-01 00:00:00 6] - 12.6467ms
[xorm] [info]  2025/08/13 20:09:47.072794 [SQL] UPDATE `xorm_user` SET `uid` = ?, `degree` = ?, `gender` = ?, `city` = ?, `update_time` = ?, `version` = `version` + 1 WHERE `id`=? AND (`delete_time`=? OR `delete_time` IS NULL) AND `version`=? [82160 硕士 男 上海 2025-08-13 20:09:47 6 0001-01-01 00:00:00 1] - 4.5952ms
[xorm] [info]  2025/08/13 20:09:47.072794 [SQL] UPDATE `xorm_user` SET `uid` = ?, `degree` = ?, `gender` = ?, `city` = ?, `update_time` = ?, `version` = `version` + 1 WHERE `id`=? AND (`delete_time`=? OR `delete_time` IS NULL) AND `version`=? [82160 硕士 男 上海 2025-08-13 20:09:47 6 0001-01-01 00:00:00 1] - 1.6663ms
[xorm] [info]  2025/08/13 20:09:47.072794 [SQL] UPDATE `xorm_user` SET `uid` = ?, `degree` = ?, `gender` = ?, `city` = ?, `update_time` = ?, `version` = `version` + 1 WHERE `id`=? AND (`delete_time`=? OR `delete_time` IS NULL) AND `version`=? [82160 硕士 男 上海 2025-08-13 20:09:47 6 0001-01-01 00:00:00 1] - 4.5952ms
[xorm] [info]  2025/08/13 20:09:47.079706 [SQL] SELECT `id`, `uid`, `degree`, `keywords`, `create_time`, `update_time`, `delete_time`, `gender`, `city`, `version` FROM `xorm_user` WHERE (`delete_time`=? OR `delete_time` IS NULL) AND `id`=? LIMIT 1 [0001-01-01 00:00:00 6] - 63.6089ms
[xorm] [info]  2025/08/13 20:09:47.079706 [SQL] SELECT `id`, `uid`, `degree`, `keywords`, `create_time`, `update_time`, `delete_time`, `gender`, `city`, `version` FROM `xorm_user` WHERE (`delete_time`=? OR `delete_time` IS NULL) AND `id`=? LIMIT 1 [0001-01-01 00:00:00 6] - 63.581ms
[xorm] [info]  2025/08/13 20:09:47.080184 [SQL] UPDATE `xorm_user` SET `uid` = ?, `degree` = ?, `gender` = ?, `city` = ?, `update_time` = ?, `version` = `version` + 1 WHERE `id`=? AND (`delete_time`=? OR `delete_time` IS NULL) AND `version`=? [82160 硕士 男 上海 2025-08-13 20:09:47 6 0001-01-01 00:00:00 1] - 771µs
[xorm] [info]  2025/08/13 20:09:47.080184 [SQL] UPDATE `xorm_user` SET `uid` = ?, `degree` = ?, `gender` = ?, `city` = ?, `update_time` = ?, `version` = `version` + 1 WHERE `id`=? AND (`delete_time`=? OR `delete_time` IS NULL) AND `version`=? [82160 硕士 男 上海 2025-08-13 20:09:47 6 0001-01-01 00:00:00 1] - 771µs
[xorm] [info]  2025/08/13 20:09:47.080184 [SQL] UPDATE `xorm_user` SET `uid` = ?, `degree` = ?, `gender` = ?, `city` = ?, `update_time` = ?, `version` = `version` + 1 WHERE `id`=? AND (`delete_time`=? OR `delete_time` IS NULL) AND `version`=? [82160 硕士 男 上海 2025-08-13 20:09:47 6 0001-01-01 00:00:00 1] - 771µs
[xorm] [info]  2025/08/13 20:09:47.080184 [SQL] UPDATE `xorm_user` SET `uid` = ?, `degree` = ?, `gender` = ?, `city` = ?, `update_time` = ?, `version` = `version` + 1 WHERE `id`=? AND (`delete_time`=? OR `delete_time` IS NULL) AND `version`=? [82160 硕士 男 上海 2025-08-13 20:09:47 6 0001-01-01 00:00:00 1] - 771µs
[xorm] [info]  2025/08/13 20:09:47.080184 [SQL] UPDATE `xorm_user` SET `uid` = ?, `degree` = ?, `gender` = ?, `city` = ?, `update_time` = ?, `version` = `version` + 1 WHERE `id`=? AND (`delete_time`=? OR `delete_time` IS NULL) AND `version`=? [82160 硕士 男 上海 2025-08-13 20:09:47 6 0001-01-01 00:00:00 1] - 771µs
[xorm] [info]  2025/08/13 20:09:47.133193 [SQL] UPDATE `xorm_user` SET `uid` = ?, `degree` = ?, `gender` = ?, `city` = ?, `update_time` = ?, `version` = `version` + 1 WHERE `id`=? AND (`delete_time`=? OR `delete_time` IS NULL) AND `version`=? [82161 硕士 男 上海 2025-08-13 20:09:47 6 0001-01-01 00:00:00 2] - 2.5499ms
[xorm] [info]  2025/08/13 20:09:47.133193 [SQL] UPDATE `xorm_user` SET `uid` = ?, `degree` = ?, `gender` = ?, `city` = ?, `update_time` = ?, `version` = `version` + 1 WHERE `id`=? AND (`delete_time`=? OR `delete_time` IS NULL) AND `version`=? [82161 硕士 男 上海 2025-08-13 20:09:47 6 0001-01-01 00:00:00 2] - 2.8438ms
[xorm] [info]  2025/08/13 20:29:59.978309 PING DATABASE mysql
[xorm] [info]  2025/08/13 20:30:14.387332 PING DATABASE mysql
[xorm] [info]  2025/08/13 20:30:14.425050 [SQL] SELECT * FROM `xorm_user` WHERE (`delete_time`=? OR `delete_time` IS NULL) AND `city`=? LIMIT 1 [0001-01-01 00:00:00 上海] - 1.7477ms
[xorm] [info]  2025/08/13 20:30:14.425574 [SQL] PREPARE [] - 523.7µs
[xorm] [info]  2025/08/13 20:30:14.425574 [SQL] SELECT * FROM `xorm_user` WHERE `id`=? AND `uid`=? AND `degree`=? AND `create_time`=? AND `update_time`=? AND (`delete_time`=? OR `delete_time` IS NULL) AND `gender`=? AND `city`=? AND `version`=? LIMIT 1 [4 51343 硕士 2025-08-13 20:05:21 2025-08-13 20:07:27 0001-01-01 00:00:00 男 上海 1]
[xorm] [info]  2025/08/13 20:30:14.426863 [SQL] SELECT `uid`, `city`, `gender`, `keywords` FROM `xorm_user` FORCE INDEX(idx_uid) WHERE (((uid>100 and degree='大专') AND (degree='大专') AND `city` IN (?,?) AND (degree like ?)) OR (gender=?)) AND (`delete_time`=? OR `delete_time` IS NULL) ORDER BY id desc, `uid` DESC, `city` ASC LIMIT 1 OFFSET 3 [北京 上海 %科 女 0001-01-01 00:00:00] - 1.2894ms
[xorm] [info]  2025/08/13 20:30:14.427466 [SQL] SELECT `id`, `uid`, `degree`, `keywords`, `create_time`, `update_time`, `delete_time`, `gender`, `city`, `version` FROM `xorm_user` WHERE (`delete_time`=? OR `delete_time` IS NULL) LIMIT 1 [0001-01-01 00:00:00] - 539.5µs
[xorm] [info]  2025/08/13 20:30:14.428035 [SQL] SELECT `id`, `uid`, `degree`, `keywords`, `create_time`, `update_time`, `delete_time`, `gender`, `city`, `version` FROM `xorm_user` WHERE (`delete_time`=? OR `delete_time` IS NULL) LIMIT 3 [0001-01-01 00:00:00] - 540.6µs
[xorm] [info]  2025/08/13 20:30:14.428575 [SQL] SELECT `id`, `uid`, `degree`, `keywords`, `create_time`, `update_time`, `delete_time`, `gender`, `city`, `version` FROM `xorm_user` WHERE (`delete_time`=? OR `delete_time` IS NULL) LIMIT 3 [0001-01-01 00:00:00] - 519.9µs
[xorm] [info]  2025/08/13 20:33:47.294358 PING DATABASE mysql
[xorm] [info]  2025/08/13 20:33:56.159196 PING DATABASE mysql
[xorm] [info]  2025/08/13 20:33:56.437777 [SQL] SELECT city, avg(id) as mid FROM `xorm_user` WHERE (`delete_time`=? OR `delete_time` IS NULL) GROUP BY city HAVING mid>0 [0001-01-01 00:00:00] - 3.9996ms
[xorm] [info]  2025/08/13 20:33:56.438330 [SQL] SELECT DISTINCT `degree`, `city` FROM `xorm_user` WHERE (`delete_time`=? OR `delete_time` IS NULL) [0001-01-01 00:00:00] - 215.6µs
[xorm] [info]  2025/08/13 20:33:56.439778 [SQL] SELECT count(*) FROM `xorm_user` WHERE (degree=?) AND (`delete_time`=? OR `delete_time` IS NULL) [本科 0001-01-01 00:00:00] - 1.4478ms
[xorm] [info]  2025/08/13 20:36:25.683844 PING DATABASE mysql
[xorm] [info]  2025/08/13 20:36:25.703992 [SQL] BEGIN TRANSACTION [] - 522.2µs
[xorm] [info]  2025/08/13 20:36:25.706678 [SQL] INSERT INTO `xorm_user` (`uid`,`degree`,`keywords`,`create_time`,`update_time`,`delete_time`,`gender`,`city`,`version`) VALUES (?,?,?,?,?,?,?,?,?) [84912 本科 null 2025-08-13 20:36:25 2025-08-13 20:36:25 <nil> 男 上海 1] - 1.6485ms
[xorm] [info]  2025/08/13 20:36:25.708997 [SQL] COMMIT [] - 2.2927ms
[xorm] [info]  2025/08/13 20:36:25.710452 [SQL] INSERT INTO `xorm_user` (`uid`,`degree`,`keywords`,`create_time`,`update_time`,`delete_time`,`gender`,`city`,`version`) VALUES (?,?,?,?,?,?,?,?,?) [9040 本科 null 2025-08-13 20:36:25 2025-08-13 20:36:25 <nil> 男 上海 1] - 1.4552ms
[xorm] [info]  2025/08/13 20:39:17.477034 PING DATABASE mysql
[xorm] [info]  2025/08/13 20:39:21.304019 PING DATABASE mysql
[xorm] [info]  2025/08/13 20:39:21.323686 [SQL] BEGIN TRANSACTION [] - 527.1µs
[xorm] [info]  2025/08/13 20:39:21.325340 [SQL] INSERT INTO `xorm_user` (`uid`,`degree`,`keywords`,`create_time`,`update_time`,`delete_time`,`gender`,`city`,`version`) VALUES (?,?,?,?,?,?,?,?,?) [70213 本科 null 2025-08-13 20:39:21 2025-08-13 20:39:21 <nil> 男 上海 1] - 1.6533ms
[xorm] [info]  2025/08/13 20:39:21.326900 [SQL] INSERT INTO `xorm_user` (`uid`,`degree`,`keywords`,`create_time`,`update_time`,`delete_time`,`gender`,`city`,`version`) VALUES (?,?,?,?,?,?,?,?,?) [70213 本科 null 2025-08-13 20:39:21 2025-08-13 20:39:21 <nil> 男 上海 1] - 1.0408ms
[xorm] [info]  2025/08/13 20:39:21.327421 [SQL] ROLLBACK [] - 521.1µs
[xorm] [info]  2025/08/13 20:45:25.592403 PING DATABASE mysql
[xorm] [info]  2025/08/13 20:49:58.726773 PING DATABASE mysql
